<?xml version="1.0" encoding="UTF-8"?>
<testng-results skipped="0" failed="0" ignored="0" total="1" passed="1">
  <reporter-output>
  </reporter-output>
  <suite name="Default suite" duration-ms="11310" started-at="2018-11-30T21:05:34Z" finished-at="2018-11-30T21:05:45Z">
    <groups>
    </groups>
    <test name="Default test" duration-ms="11310" started-at="2018-11-30T21:05:34Z" finished-at="2018-11-30T21:05:45Z">
      <class name="wizeline_google.GoogleSearch">
        <test-method status="PASS" signature="browser()[pri:0, instance:wizeline_google.GoogleSearch@5419f379]" name="browser" is-config="true" duration-ms="8195" started-at="2018-11-30T21:05:34Z" finished-at="2018-11-30T21:05:42Z">
          <reporter-output>
          </reporter-output>
        </test-method> <!-- browser -->
        <test-method status="PASS" signature="search()[pri:0, instance:wizeline_google.GoogleSearch@5419f379]" name="search" duration-ms="1957" started-at="2018-11-30T21:05:42Z" finished-at="2018-11-30T21:05:44Z">
          <reporter-output>
          </reporter-output>
        </test-method> <!-- search -->
        <test-method status="PASS" signature="closeBroswser()[pri:0, instance:wizeline_google.GoogleSearch@5419f379]" name="closeBroswser" is-config="true" duration-ms="1117" started-at="2018-11-30T21:05:44Z" finished-at="2018-11-30T21:05:45Z">
          <reporter-output>
          </reporter-output>
        </test-method> <!-- closeBroswser -->
      </class> <!-- wizeline_google.GoogleSearch -->
    </test> <!-- Default test -->
  </suite> <!-- Default suite -->
</testng-results>
